# JRE version: OpenJDK Runtime Environment (8.0_76-b03) (build 1.8.0_76-release-b03)
# Java VM: OpenJDK 64-Bit Server VM (25.76-b03 mixed mode windows-amd64 compressed oops)
Heap:
 PSYoungGen      total 363520K, used 64347K [0x00000000e0000000, 0x00000000fec00000, 0x0000000100000000)
  eden space 293888K, 20% used [0x00000000e0000000,0x00000000e3b3b7d8,0x00000000f1f00000)
  from space 69632K, 5% used [0x00000000f1f00000,0x00000000f229b638,0x00000000f6300000)
  to   space 69632K, 0% used [0x00000000fa800000,0x00000000fa800000,0x00000000fec00000)
 ParOldGen       total 225280K, used 129877K [0x00000000a0000000, 0x00000000adc00000, 0x00000000e0000000)
  object space 225280K, 57% used [0x00000000a0000000,0x00000000a7ed5670,0x00000000adc00000)
 Metaspace       used 63506K, capacity 65202K, committed 65560K, reserved 1105920K
  class space    used 8090K, capacity 8481K, committed 8496K, reserved 1048576K
GC Heap History (10 events):
Event: 76.511 GC heap before
{Heap before GC invocations=25 (full 3):
 PSYoungGen      total 223744K, used 217576K [0x00000000e0000000, 0x00000000f3180000, 0x0000000100000000)
  eden space 194048K, 100% used [0x00000000e0000000,0x00000000ebd80000,0x00000000ebd80000)
  from space 29696K, 79% used [0x00000000ebd80000,0x00000000ed47a198,0x00000000eda80000)
  to   space 32256K, 0% used [0x00000000f1200000,0x00000000f1200000,0x00000000f3180000)
 ParOldGen       total 102400K, used 41451K [0x00000000a0000000, 0x00000000a6400000, 0x00000000e0000000)
  object space 102400K, 40% used [0x00000000a0000000,0x00000000a287acf0,0x00000000a6400000)
 Metaspace       used 63398K, capacity 65112K, committed 65304K, reserved 1105920K
  class space    used 8092K, capacity 8490K, committed 8496K, reserved 1048576K
Event: 76.792 GC heap after
Heap after GC invocations=25 (full 3):
 PSYoungGen      total 267776K, used 32229K [0x00000000e0000000, 0x00000000f5180000, 0x0000000100000000)
  eden space 235520K, 0% used [0x00000000e0000000,0x00000000e0000000,0x00000000ee600000)
  from space 32256K, 99% used [0x00000000f1200000,0x00000000f3179468,0x00000000f3180000)
  to   space 45056K, 0% used [0x00000000ee600000,0x00000000ee600000,0x00000000f1200000)
 ParOldGen       total 102400K, used 61840K [0x00000000a0000000, 0x00000000a6400000, 0x00000000e0000000)
  object space 102400K, 60% used [0x00000000a0000000,0x00000000a3c640c0,0x00000000a6400000)
 Metaspace       used 63398K, capacity 65112K, committed 65304K, reserved 1105920K
  class space    used 8092K, capacity 8490K, committed 8496K, reserved 1048576K
}
Event: 80.786 GC heap before
{Heap before GC invocations=26 (full 3):
 PSYoungGen      total 267776K, used 267749K [0x00000000e0000000, 0x00000000f5180000, 0x0000000100000000)
  eden space 235520K, 100% used [0x00000000e0000000,0x00000000ee600000,0x00000000ee600000)
  from space 32256K, 99% used [0x00000000f1200000,0x00000000f3179468,0x00000000f3180000)
  to   space 45056K, 0% used [0x00000000ee600000,0x00000000ee600000,0x00000000f1200000)
 ParOldGen       total 102400K, used 61840K [0x00000000a0000000, 0x00000000a6400000, 0x00000000e0000000)
  object space 102400K, 60% used [0x00000000a0000000,0x00000000a3c640c0,0x00000000a6400000)
 Metaspace       used 63479K, capacity 65240K, committed 65560K, reserved 1105920K
  class space    used 8094K, capacity 8490K, committed 8496K, reserved 1048576K
Event: 80.983 GC heap after
Heap after GC invocations=26 (full 3):
 PSYoungGen      total 280576K, used 45042K [0x00000000e0000000, 0x00000000f9800000, 0x0000000100000000)
  eden space 235520K, 0% used [0x00000000e0000000,0x00000000e0000000,0x00000000ee600000)
  from space 45056K, 99% used [0x00000000ee600000,0x00000000f11fca28,0x00000000f1200000)
  to   space 54272K, 0% used [0x00000000f6300000,0x00000000f6300000,0x00000000f9800000)
 ParOldGen       total 102400K, used 66733K [0x00000000a0000000, 0x00000000a6400000, 0x00000000e0000000)
  object space 102400K, 65% used [0x00000000a0000000,0x00000000a412b788,0x00000000a6400000)
 Metaspace       used 63479K, capacity 65240K, committed 65560K, reserved 1105920K
  class space    used 8094K, capacity 8490K, committed 8496K, reserved 1048576K
}
Event: 85.430 GC heap before
{Heap before GC invocations=27 (full 3):
 PSYoungGen      total 280576K, used 280562K [0x00000000e0000000, 0x00000000f9800000, 0x0000000100000000)
  eden space 235520K, 100% used [0x00000000e0000000,0x00000000ee600000,0x00000000ee600000)
  from space 45056K, 99% used [0x00000000ee600000,0x00000000f11fca28,0x00000000f1200000)
  to   space 54272K, 0% used [0x00000000f6300000,0x00000000f6300000,0x00000000f9800000)
 ParOldGen       total 102400K, used 66733K [0x00000000a0000000, 0x00000000a6400000, 0x00000000e0000000)
  object space 102400K, 65% used [0x00000000a0000000,0x00000000a412b788,0x00000000a6400000)
 Metaspace       used 63502K, capacity 65240K, committed 65560K, reserved 1105920K
  class space    used 8094K, capacity 8490K, committed 8496K, reserved 1048576K
Event: 85.571 GC heap after
Heap after GC invocations=27 (full 3):
 PSYoungGen      total 348160K, used 54268K [0x00000000e0000000, 0x00000000fb480000, 0x0000000100000000)
  eden space 293888K, 0% used [0x00000000e0000000,0x00000000e0000000,0x00000000f1f00000)
  from space 54272K, 99% used [0x00000000f6300000,0x00000000f97ff3c0,0x00000000f9800000)
  to   space 69632K, 0% used [0x00000000f1f00000,0x00000000f1f00000,0x00000000f6300000)
 ParOldGen       total 102400K, used 82406K [0x00000000a0000000, 0x00000000a6400000, 0x00000000e0000000)
  object space 102400K, 80% used [0x00000000a0000000,0x00000000a5079830,0x00000000a6400000)
 Metaspace       used 63502K, capacity 65240K, committed 65560K, reserved 1105920K
  class space    used 8094K, capacity 8490K, committed 8496K, reserved 1048576K
}
Event: 89.127 GC heap before
{Heap before GC invocations=28 (full 3):
 PSYoungGen      total 348160K, used 348156K [0x00000000e0000000, 0x00000000fb480000, 0x0000000100000000)
  eden space 293888K, 100% used [0x00000000e0000000,0x00000000f1f00000,0x00000000f1f00000)
  from space 54272K, 99% used [0x00000000f6300000,0x00000000f97ff3c0,0x00000000f9800000)
  to   space 69632K, 0% used [0x00000000f1f00000,0x00000000f1f00000,0x00000000f6300000)
 ParOldGen       total 102400K, used 82406K [0x00000000a0000000, 0x00000000a6400000, 0x00000000e0000000)
  object space 102400K, 80% used [0x00000000a0000000,0x00000000a5079830,0x00000000a6400000)
 Metaspace       used 63517K, capacity 65240K, committed 65560K, reserved 1105920K
  class space    used 8095K, capacity 8490K, committed 8496K, reserved 1048576K
Event: 89.463 GC heap after
Heap after GC invocations=28 (full 3):
 PSYoungGen      total 363520K, used 38185K [0x00000000e0000000, 0x00000000fec00000, 0x0000000100000000)
  eden space 293888K, 0% used [0x00000000e0000000,0x00000000e0000000,0x00000000f1f00000)
  from space 69632K, 54% used [0x00000000f1f00000,0x00000000f444a460,0x00000000f6300000)
  to   space 69632K, 0% used [0x00000000fa800000,0x00000000fa800000,0x00000000fec00000)
 ParOldGen       total 130048K, used 129877K [0x00000000a0000000, 0x00000000a7f00000, 0x00000000e0000000)
  object space 130048K, 99% used [0x00000000a0000000,0x00000000a7ed5760,0x00000000a7f00000)
 Metaspace       used 63517K, capacity 65240K, committed 65560K, reserved 1105920K
  class space    used 8095K, capacity 8490K, committed 8496K, reserved 1048576K
}
Event: 89.494 GC heap before
{Heap before GC invocations=29 (full 4):
 PSYoungGen      total 363520K, used 38185K [0x00000000e0000000, 0x00000000fec00000, 0x0000000100000000)
  eden space 293888K, 0% used [0x00000000e0000000,0x00000000e0000000,0x00000000f1f00000)
  from space 69632K, 54% used [0x00000000f1f00000,0x00000000f444a460,0x00000000f6300000)
  to   space 69632K, 0% used [0x00000000fa800000,0x00000000fa800000,0x00000000fec00000)
 ParOldGen       total 130048K, used 129877K [0x00000000a0000000, 0x00000000a7f00000, 0x00000000e0000000)
  object space 130048K, 99% used [0x00000000a0000000,0x00000000a7ed5760,0x00000000a7f00000)
 Metaspace       used 63517K, capacity 65240K, committed 65560K, reserved 1105920K
  class space    used 8095K, capacity 8490K, committed 8496K, reserved 1048576K
Event: 91.482 GC heap after
Heap after GC invocations=29 (full 4):
 PSYoungGen      total 363520K, used 3693K [0x00000000e0000000, 0x00000000fec00000, 0x0000000100000000)
  eden space 293888K, 0% used [0x00000000e0000000,0x00000000e0000000,0x00000000f1f00000)
  from space 69632K, 5% used [0x00000000f1f00000,0x00000000f229b638,0x00000000f6300000)
  to   space 69632K, 0% used [0x00000000fa800000,0x00000000fa800000,0x00000000fec00000)
 ParOldGen       total 225280K, used 129877K [0x00000000a0000000, 0x00000000adc00000, 0x00000000e0000000)
  object space 225280K, 57% used [0x00000000a0000000,0x00000000a7ed5670,0x00000000adc00000)
 Metaspace       used 63503K, capacity 65202K, committed 65560K, reserved 1105920K
  class space    used 8090K, capacity 8481K, committed 8496K, reserved 1048576K
}

